<?xml version="1.0" encoding="UTF-8"?>
<!-- Generated by org.testng.reporters.JUnitXMLReporter -->
<testsuite ignored="3" hostname="DESKTOP-KSQUBH6" failures="0" tests="1" name="Default test" time="6.842" errors="0" timestamp="2022-02-06T09:34:23 IST">
  <testcase classname="Testcases.NewTest" name="invalidcredentials" time="6.777"/>
  <testcase classname="Testcases.NewTest" name="invalidusername" time="0.0">
    <ignored/>
  </testcase> <!-- invalidusername -->
  <testcase classname="Testcases.NewTest" name="invalidpassword" time="0.0">
    <ignored/>
  </testcase> <!-- invalidpassword -->
  <testcase classname="Testcases.NewTest" name="login" time="0.0">
    <ignored/>
  </testcase> <!-- login -->
</testsuite> <!-- Default test -->
