<?xml version="1.0" encoding="UTF-8"?>
<testng-results ignored="3" total="4" passed="1" failed="0" skipped="0">
  <reporter-output>
    <line>
      <![CDATA[User or Password is not valid]]>
    </line>
  </reporter-output>
  <suite started-at="2022-02-06T09:34:16 IST" name="Default suite" finished-at="2022-02-06T09:34:23 IST" duration-ms="6842">
    <groups>
    </groups>
    <test started-at="2022-02-06T09:34:16 IST" name="Default test" finished-at="2022-02-06T09:34:23 IST" duration-ms="6842">
      <class name="Testcases.NewTest">
        <test-method is-config="true" signature="beforeClass()[pri:0, instance:Testcases.NewTest@489543a6]" started-at="2022-02-06T09:34:16 IST" name="beforeClass" finished-at="2022-02-06T09:34:16 IST" duration-ms="12" status="PASS">
          <reporter-output>
          </reporter-output>
        </test-method> <!-- beforeClass -->
        <test-method signature="invalidcredentials()[pri:3, instance:Testcases.NewTest@489543a6]" started-at="2022-02-06T09:34:16 IST" name="invalidcredentials" finished-at="2022-02-06T09:34:23 IST" duration-ms="6777" status="PASS">
          <reporter-output>
            <line>
              <![CDATA[User or Password is not valid]]>
            </line>
          </reporter-output>
        </test-method> <!-- invalidcredentials -->
      </class> <!-- Testcases.NewTest -->
    </test> <!-- Default test -->
  </suite> <!-- Default suite -->
</testng-results>
